<?xml version="1.0" encoding="UTF-8"?>
<testsuite xmlns:xsi="http://www.w3.org/2001/XMLSchema-instance" xsi:noNamespaceSchemaLocation="https://maven.apache.org/surefire/maven-surefire-plugin/xsd/surefire-test-report.xsd" name="com.junit.test.JunitTest" time="0.022" tests="5" errors="0" skipped="0" failures="0">
  <properties>
[...]
</properties>
  <testcase name="test01_fu" classname="com.junit.test.JunitTest" time="0.009"/>
  <testcase name="test02_fu" classname="com.junit.test.JunitTest" time="0.002"/>
  <testcase name="test03_fu" classname="com.junit.test.JunitTest" time="0.002"/>
  <testcase name="test04_fu" classname="com.junit.test.JunitTest" time="0.002"/>
  <testcase name="test05_fu" classname="com.junit.test.JunitTest" time="0.001"/>
</testsuite>